<?xml version="1.0" encoding="UTF-8"?>
<!-- Generated by org.testng.reporters.JUnitReportReporter -->
<testsuite hostname="DESKTOP-37EBRU3" failures="0" tests="1" name="TestCases.RegisterTest" time="40.668" errors="0" timestamp="2022-07-25T21:54:09 IST" skipped="0">
  <testcase classname="TestCases.RegisterTest" name="RegisterPage" time="40.668"/>
  <system-out/>
</testsuite> <!-- TestCases.RegisterTest -->
