<?xml version="1.0" encoding="UTF-8"?>
<!-- Generated by org.testng.reporters.JUnitReportReporter -->
<testsuite hostname="DESKTOP-37EBRU3" failures="0" tests="1" name="TestCases.RegisterTest" time="6.906" errors="0" timestamp="2022-08-18T11:40:14 IST" skipped="0">
  <testcase classname="TestCases.RegisterTest" name="RegisterPage" time="6.906"/>
  <system-out/>
</testsuite> <!-- TestCases.RegisterTest -->
