<?xml version="1.0" encoding="UTF-8"?>
<!-- Generated by org.testng.reporters.JUnitReportReporter -->
<testsuite hostname="DESKTOP-37EBRU3" failures="0" tests="1" name="TestCases.TestSpecialFeature" time="16.662" errors="0" timestamp="2022-08-06T11:32:07 IST" skipped="0">
  <testcase classname="TestCases.TestSpecialFeature" name="TestFeature" time="16.662"/>
  <system-out/>
</testsuite> <!-- TestCases.TestSpecialFeature -->
