<?xml version="1.0" encoding="UTF-8"?>
<!-- Generated by org.testng.reporters.JUnitReportReporter -->
<testsuite hostname="DESKTOP-37EBRU3" failures="0" tests="1" name="TestCases.productTest" time="12.019" errors="0" timestamp="2022-08-18T11:40:14 IST" skipped="0">
  <testcase classname="TestCases.productTest" name="ProductTest" time="12.019"/>
  <system-out/>
</testsuite> <!-- TestCases.productTest -->
