<?xml version="1.0" encoding="UTF-8"?>
<!-- Generated by org.testng.reporters.JUnitReportReporter -->
<testsuite hostname="DESKTOP-37EBRU3" failures="0" tests="2" name="TestCases.LoginTest" time="39.972" errors="0" timestamp="2022-08-18T11:40:14 IST" skipped="0">
  <testcase classname="TestCases.LoginTest" name="login" time="22.027"/>
  <system-out/>
  <testcase classname="TestCases.LoginTest" name="login" time="17.945"/>
  <system-out/>
</testsuite> <!-- TestCases.LoginTest -->
