<?xml version="1.0" encoding="UTF-8"?>
<!-- Generated by org.testng.reporters.JUnitReportReporter -->
<testsuite hostname="DESKTOP-37EBRU3" failures="0" tests="1" name="TestCases.twoTest" time="0.032" errors="0" timestamp="2022-07-17T10:25:59 IST" skipped="0">
  <testcase classname="TestCases.twoTest" name="test" time="0.032"/>
  <system-out/>
</testsuite> <!-- TestCases.twoTest -->
